\BOOKMARK [1][-]{section.1}{\376\377\200\314\146\157\116\016\122\250\147\072}{}% 1
\BOOKMARK [2][-]{subsection.1.1}{\376\377\210\114\116\032\200\314\146\157\116\016\225\356\230\230\143\317\217\360}{section.1}% 2
\BOOKMARK [2][-]{subsection.1.2}{\376\377\230\171\166\356\122\250\147\072\116\016\142\200\147\057\131\121\147\072}{section.1}% 3
\BOOKMARK [2][-]{subsection.1.3}{\376\377\230\171\166\356\203\003\126\364}{section.1}% 4
\BOOKMARK [1][-]{section.2}{\376\377\174\373\176\337\145\271\150\110\116\016\142\200\147\057\215\357\176\277}{}% 5
\BOOKMARK [2][-]{subsection.2.1}{\376\377\174\373\176\337\140\073\117\123\147\266\147\204}{section.2}% 6
\BOOKMARK [2][-]{subsection.2.2}{\376\377\133\214\145\164\131\004\164\006\155\101\172\013}{section.2}% 7
\BOOKMARK [2][-]{subsection.2.3}{\376\377\121\163\225\056\142\200\147\057\176\304\116\366}{section.2}% 8
\BOOKMARK [3][-]{subsubsection.2.3.1}{\376\377\211\306\211\311\213\306\122\053\152\041\127\127}{subsection.2.3}% 9
\BOOKMARK [3][-]{subsubsection.2.3.2}{\376\377\000R\000A\000G\167\345\213\306\130\236\137\072\232\214\213\301\152\041\127\127}{subsection.2.3}% 10
\BOOKMARK [3][-]{subsubsection.2.3.3}{\376\377\131\032\176\364\211\304\122\031\137\025\144\316}{subsection.2.3}% 11
\BOOKMARK [3][-]{subsubsection.2.3.4}{\376\377\170\154\116\366\142\147\210\114\152\041\127\127}{subsection.2.3}% 12
\BOOKMARK [3][-]{subsubsection.2.3.5}{\376\377\145\160\143\156\176\337\213\241\116\016\123\357\211\306\123\026\122\006\147\220}{subsection.2.3}% 13
\BOOKMARK [2][-]{subsection.2.4}{\376\377\162\151\164\006\176\323\147\204\213\276\213\241}{section.2}% 14
\BOOKMARK [1][-]{section.3}{\376\377\116\244\116\330\162\151\116\016\166\356\150\007}{}% 15
\BOOKMARK [2][-]{subsection.3.1}{\376\377\116\073\211\201\116\244\116\330\162\151}{section.3}% 16
\BOOKMARK [2][-]{subsection.3.2}{\376\377\137\000\123\321\145\366\225\364\176\277}{section.3}% 17
\BOOKMARK [2][-]{subsection.3.3}{\376\377\126\342\226\037\122\006\135\345}{section.3}% 18
\BOOKMARK [1][-]{section.4}{\376\377\142\100\227\000\215\104\156\220\116\016\230\204\173\227}{}% 19
\BOOKMARK [2][-]{subsection.4.1}{\376\377\170\154\116\366\230\204\173\227}{section.4}% 20
\BOOKMARK [2][-]{subsection.4.2}{\376\377\217\157\116\366\142\200\147\057\150\010}{section.4}% 21
\BOOKMARK [2][-]{subsection.4.3}{\376\377\137\000\123\321\163\257\130\203}{section.4}% 22
\BOOKMARK [2][-]{subsection.4.4}{\376\377\230\204\173\227\140\073\176\323}{section.4}% 23
